<?xml version="1.0" encoding="UTF-8"?>
<!-- Generated by org.testng.reporters.JUnitReportReporter -->
<testsuite hostname="DESKTOP-Pabon" failures="0" tests="5" name="testcases.TestLoginPage" time="7.550" errors="0" timestamp="2025-03-13T10:48:15 GMT+06:00" skipped="0">
  <testcase classname="testcases.TestLoginPage" name="LoginWithInvalidEmailAndValidPassword" time="2.125"/>
  <testcase classname="testcases.TestLoginPage" name="LoginWithValidEmailAndInValidPassword" time="1.938"/>
  <testcase classname="testcases.TestLoginPage" name="LoginWithInvalidEmailAndPassword" time="1.593"/>
  <testcase classname="testcases.TestLoginPage" name="LoginWithEmptyMailAndPassword" time="0.851"/>
  <testcase classname="testcases.TestLoginPage" name="LoginWithValidCredentials" time="1.043"/>
</testsuite> <!-- testcases.TestLoginPage -->
