<?xml version="1.0" encoding="UTF-8"?>
<!-- Generated by org.testng.reporters.JUnitReportReporter -->
<testsuite hostname="DESKTOP-Pabon" failures="0" tests="2" name="testcases.TestHomePage" time="5.727" errors="0" timestamp="2025-03-13T14:08:16 GMT+06:00" skipped="0">
  <testcase classname="testcases.TestHomePage" name="TestHomePageUrl" time="2.708"/>
  <testcase classname="testcases.TestHomePage" name="TestHomePageTitle" time="3.019"/>
</testsuite> <!-- testcases.TestHomePage -->
