<?xml version="1.0" encoding="UTF-8"?>
<!-- Generated by org.testng.reporters.JUnitReportReporter -->
<testsuite hostname="DESKTOP-Pabon" failures="0" tests="2" name="testcases.TestHomePage" time="7.470" errors="0" timestamp="2025-03-13T14:55:55 GMT+06:00" skipped="0">
  <testcase classname="testcases.TestHomePage" name="TestHomePageUrl" time="6.545"/>
  <testcase classname="testcases.TestHomePage" name="TestHomePageTitle" time="0.925"/>
</testsuite> <!-- testcases.TestHomePage -->
